2025-05-06 11:28:18.658|INFO |40c5393252f4473b872cabaed9a3e8da|c.a.l.LogbackspringbootfileApplication            :53 - Starting LogbackspringbootfileApplication using Java 17.0.12 with PID 13228 (C:\Users\kang\Desktop\All-Spring-Self-Leaning\logbackspringbootfile\build\classes\java\main started by kang in C:\Users\kang\Desktop\All-Spring-Self-Leaning\logbackspringbootfile)
2025-05-06 11:28:18.762|INFO |40c5393252f4473b872cabaed9a3e8da|c.a.l.LogbackspringbootfileApplication            :658 - The following 1 profile is active: "dev"
2025-05-06 11:28:22.582|INFO |40c5393252f4473b872cabaed9a3e8da|org.apache.coyote.http11.Http11NioProtocol        :168 - Initializing ProtocolHandler ["http-nio-9998"]
2025-05-06 11:28:22.587|INFO |40c5393252f4473b872cabaed9a3e8da|org.apache.catalina.core.StandardService          :168 - Starting service [Tomcat]
2025-05-06 11:28:22.589|INFO |40c5393252f4473b872cabaed9a3e8da|org.apache.catalina.core.StandardEngine           :168 - Starting Servlet engine: [Apache Tomcat/10.1.40]
2025-05-06 11:28:22.688|INFO |40c5393252f4473b872cabaed9a3e8da|o.a.c.core.ContainerBase.[Tomcat].[localhost].[/] :168 - Initializing Spring embedded WebApplicationContext
2025-05-06 11:28:24.238|INFO |40c5393252f4473b872cabaed9a3e8da|com.zaxxer.hikari.HikariDataSource                :109 - HikariPool-1 - Starting...
2025-05-06 11:28:24.586|INFO |40c5393252f4473b872cabaed9a3e8da|com.zaxxer.hikari.pool.HikariPool                 :554 - HikariPool-1 - Added connection org.postgresql.jdbc.PgConnection@41be8db9
2025-05-06 11:28:24.596|INFO |40c5393252f4473b872cabaed9a3e8da|com.zaxxer.hikari.HikariDataSource                :122 - HikariPool-1 - Start completed.
2025-05-06 11:28:30.475|INFO |40c5393252f4473b872cabaed9a3e8da|org.apache.coyote.http11.Http11NioProtocol        :168 - Starting ProtocolHandler ["http-nio-9998"]
2025-05-06 11:28:30.514|INFO |40c5393252f4473b872cabaed9a3e8da|c.a.l.LogbackspringbootfileApplication            :59 - Started LogbackspringbootfileApplication in 15.484 seconds (process running for 18.287)
2025-05-06 11:29:25.928|INFO |4b6269f3a34241d19133b6e5defe792c|o.a.c.core.ContainerBase.[Tomcat].[localhost].[/] :168 - Initializing Spring DispatcherServlet 'dispatcherServlet'
2025-05-06 11:33:13.617|INFO |c6e89f7f0c5d477abfea53e11b912588|com.zaxxer.hikari.HikariDataSource                :349 - HikariPool-1 - Shutdown initiated...
2025-05-06 11:33:13.656|INFO |c6e89f7f0c5d477abfea53e11b912588|com.zaxxer.hikari.HikariDataSource                :351 - HikariPool-1 - Shutdown completed.
2025-05-06 11:35:21.367|INFO |baf48bba831c4c5b9d32cad681217afc|c.a.l.LogbackspringbootfileApplication            :53 - Starting LogbackspringbootfileApplication using Java 17.0.12 with PID 5360 (C:\Users\kang\Desktop\All-Spring-Self-Leaning\logbackspringbootfile\build\classes\java\main started by kang in C:\Users\kang\Desktop\All-Spring-Self-Leaning\logbackspringbootfile)
2025-05-06 11:35:21.373|INFO |baf48bba831c4c5b9d32cad681217afc|c.a.l.LogbackspringbootfileApplication            :658 - The following 1 profile is active: "dev"
2025-05-06 11:35:23.768|INFO |baf48bba831c4c5b9d32cad681217afc|org.apache.coyote.http11.Http11NioProtocol        :168 - Initializing ProtocolHandler ["http-nio-9998"]
2025-05-06 11:35:23.770|INFO |baf48bba831c4c5b9d32cad681217afc|org.apache.catalina.core.StandardService          :168 - Starting service [Tomcat]
2025-05-06 11:35:23.771|INFO |baf48bba831c4c5b9d32cad681217afc|org.apache.catalina.core.StandardEngine           :168 - Starting Servlet engine: [Apache Tomcat/10.1.40]
2025-05-06 11:35:23.848|INFO |baf48bba831c4c5b9d32cad681217afc|o.a.c.core.ContainerBase.[Tomcat].[localhost].[/] :168 - Initializing Spring embedded WebApplicationContext
2025-05-06 11:35:24.919|INFO |baf48bba831c4c5b9d32cad681217afc|com.zaxxer.hikari.HikariDataSource                :109 - HikariPool-1 - Starting...
2025-05-06 11:35:25.263|INFO |baf48bba831c4c5b9d32cad681217afc|com.zaxxer.hikari.pool.HikariPool                 :554 - HikariPool-1 - Added connection org.postgresql.jdbc.PgConnection@1bec1589
2025-05-06 11:35:25.267|INFO |baf48bba831c4c5b9d32cad681217afc|com.zaxxer.hikari.HikariDataSource                :122 - HikariPool-1 - Start completed.
2025-05-06 11:35:28.880|INFO |baf48bba831c4c5b9d32cad681217afc|org.apache.coyote.http11.Http11NioProtocol        :168 - Starting ProtocolHandler ["http-nio-9998"]
2025-05-06 11:35:28.952|INFO |baf48bba831c4c5b9d32cad681217afc|c.a.l.LogbackspringbootfileApplication            :59 - Started LogbackspringbootfileApplication in 8.885 seconds (process running for 13.83)
2025-05-06 11:35:43.478|INFO |3f08761ee012480c8f9e08f9f8c1c949|o.a.c.core.ContainerBase.[Tomcat].[localhost].[/] :168 - Initializing Spring DispatcherServlet 'dispatcherServlet'
2025-05-06 11:36:24.527|INFO |eaa4b25d49714ff0925e10fde62b56cf|com.zaxxer.hikari.HikariDataSource                :349 - HikariPool-1 - Shutdown initiated...
2025-05-06 11:36:24.591|INFO |eaa4b25d49714ff0925e10fde62b56cf|com.zaxxer.hikari.HikariDataSource                :351 - HikariPool-1 - Shutdown completed.
2025-05-06 11:36:44.257|INFO |8e1cb21d91894c3f9776d5669c4da566|c.a.l.LogbackspringbootfileApplication            :53 - Starting LogbackspringbootfileApplication using Java 17.0.12 with PID 12240 (C:\Users\kang\Desktop\All-Spring-Self-Leaning\logbackspringbootfile\build\classes\java\main started by kang in C:\Users\kang\Desktop\All-Spring-Self-Leaning\logbackspringbootfile)
2025-05-06 11:36:44.279|INFO |8e1cb21d91894c3f9776d5669c4da566|c.a.l.LogbackspringbootfileApplication            :658 - The following 1 profile is active: "dev"
2025-05-06 11:36:49.170|INFO |8e1cb21d91894c3f9776d5669c4da566|org.apache.coyote.http11.Http11NioProtocol        :168 - Initializing ProtocolHandler ["http-nio-9998"]
2025-05-06 11:36:49.175|INFO |8e1cb21d91894c3f9776d5669c4da566|org.apache.catalina.core.StandardService          :168 - Starting service [Tomcat]
2025-05-06 11:36:49.177|INFO |8e1cb21d91894c3f9776d5669c4da566|org.apache.catalina.core.StandardEngine           :168 - Starting Servlet engine: [Apache Tomcat/10.1.40]
2025-05-06 11:36:49.680|INFO |8e1cb21d91894c3f9776d5669c4da566|o.a.c.core.ContainerBase.[Tomcat].[localhost].[/] :168 - Initializing Spring embedded WebApplicationContext
2025-05-06 11:36:52.098|INFO |8e1cb21d91894c3f9776d5669c4da566|com.zaxxer.hikari.HikariDataSource                :109 - HikariPool-1 - Starting...
2025-05-06 11:36:52.557|INFO |8e1cb21d91894c3f9776d5669c4da566|com.zaxxer.hikari.pool.HikariPool                 :554 - HikariPool-1 - Added connection org.postgresql.jdbc.PgConnection@2d801d8
2025-05-06 11:36:52.561|INFO |8e1cb21d91894c3f9776d5669c4da566|com.zaxxer.hikari.HikariDataSource                :122 - HikariPool-1 - Start completed.
2025-05-06 11:36:58.386|INFO |8e1cb21d91894c3f9776d5669c4da566|org.apache.coyote.http11.Http11NioProtocol        :168 - Starting ProtocolHandler ["http-nio-9998"]
2025-05-06 11:36:58.434|INFO |8e1cb21d91894c3f9776d5669c4da566|c.a.l.LogbackspringbootfileApplication            :59 - Started LogbackspringbootfileApplication in 16.413 seconds (process running for 23.458)
2025-05-06 11:37:02.527|INFO |dbbf4ec21905452fab96ba3056845cc9|o.a.c.core.ContainerBase.[Tomcat].[localhost].[/] :168 - Initializing Spring DispatcherServlet 'dispatcherServlet'
2025-05-06 11:46:17.866|INFO |f874cc19d1674cab8552615c8133ce02|com.zaxxer.hikari.HikariDataSource                :349 - HikariPool-1 - Shutdown initiated...
2025-05-06 11:46:17.913|INFO |f874cc19d1674cab8552615c8133ce02|com.zaxxer.hikari.HikariDataSource                :351 - HikariPool-1 - Shutdown completed.
2025-05-06 11:46:37.326|INFO |dc06c8eb69ec47eeb0aea22aaba302af|c.a.l.LogbackspringbootfileApplication            :53 - Starting LogbackspringbootfileApplication using Java 17.0.12 with PID 14056 (C:\Users\kang\Desktop\All-Spring-Self-Leaning\logbackspringbootfile\build\classes\java\main started by kang in C:\Users\kang\Desktop\All-Spring-Self-Leaning\logbackspringbootfile)
2025-05-06 11:46:37.331|INFO |dc06c8eb69ec47eeb0aea22aaba302af|c.a.l.LogbackspringbootfileApplication            :658 - The following 1 profile is active: "dev"
2025-05-06 11:46:39.311|INFO |dc06c8eb69ec47eeb0aea22aaba302af|org.apache.coyote.http11.Http11NioProtocol        :168 - Initializing ProtocolHandler ["http-nio-9998"]
2025-05-06 11:46:39.314|INFO |dc06c8eb69ec47eeb0aea22aaba302af|org.apache.catalina.core.StandardService          :168 - Starting service [Tomcat]
2025-05-06 11:46:39.315|INFO |dc06c8eb69ec47eeb0aea22aaba302af|org.apache.catalina.core.StandardEngine           :168 - Starting Servlet engine: [Apache Tomcat/10.1.40]
2025-05-06 11:46:39.401|INFO |dc06c8eb69ec47eeb0aea22aaba302af|o.a.c.core.ContainerBase.[Tomcat].[localhost].[/] :168 - Initializing Spring embedded WebApplicationContext
2025-05-06 11:46:40.706|INFO |dc06c8eb69ec47eeb0aea22aaba302af|com.zaxxer.hikari.HikariDataSource                :109 - HikariPool-1 - Starting...
2025-05-06 11:46:41.049|INFO |dc06c8eb69ec47eeb0aea22aaba302af|com.zaxxer.hikari.pool.HikariPool                 :554 - HikariPool-1 - Added connection org.postgresql.jdbc.PgConnection@f10d055
2025-05-06 11:46:41.053|INFO |dc06c8eb69ec47eeb0aea22aaba302af|com.zaxxer.hikari.HikariDataSource                :122 - HikariPool-1 - Start completed.
2025-05-06 11:46:47.095|INFO |dc06c8eb69ec47eeb0aea22aaba302af|org.apache.coyote.http11.Http11NioProtocol        :168 - Starting ProtocolHandler ["http-nio-9998"]
2025-05-06 11:46:47.132|INFO |dc06c8eb69ec47eeb0aea22aaba302af|c.a.l.LogbackspringbootfileApplication            :59 - Started LogbackspringbootfileApplication in 11.787 seconds (process running for 17.013)
2025-05-06 11:49:29.710|INFO |3fcd3af948e043d887c021e0999a39a2|o.a.c.core.ContainerBase.[Tomcat].[localhost].[/] :168 - Initializing Spring DispatcherServlet 'dispatcherServlet'
2025-05-06 11:52:01.206|INFO |733ddb05a9e349338d03917e6cfd4f7b|com.zaxxer.hikari.HikariDataSource                :349 - HikariPool-1 - Shutdown initiated...
2025-05-06 11:52:01.242|INFO |733ddb05a9e349338d03917e6cfd4f7b|com.zaxxer.hikari.HikariDataSource                :351 - HikariPool-1 - Shutdown completed.
2025-05-06 11:52:20.909|INFO |d109c175bf944b25a8d5115eb7c662ba|c.a.l.LogbackspringbootfileApplication            :53 - Starting LogbackspringbootfileApplication using Java 17.0.12 with PID 1864 (C:\Users\kang\Desktop\All-Spring-Self-Leaning\logbackspringbootfile\build\classes\java\main started by kang in C:\Users\kang\Desktop\All-Spring-Self-Leaning\logbackspringbootfile)
2025-05-06 11:52:20.924|INFO |d109c175bf944b25a8d5115eb7c662ba|c.a.l.LogbackspringbootfileApplication            :658 - The following 1 profile is active: "dev"
2025-05-06 11:52:23.543|INFO |d109c175bf944b25a8d5115eb7c662ba|org.apache.coyote.http11.Http11NioProtocol        :168 - Initializing ProtocolHandler ["http-nio-9998"]
2025-05-06 11:52:23.546|INFO |d109c175bf944b25a8d5115eb7c662ba|org.apache.catalina.core.StandardService          :168 - Starting service [Tomcat]
2025-05-06 11:52:23.547|INFO |d109c175bf944b25a8d5115eb7c662ba|org.apache.catalina.core.StandardEngine           :168 - Starting Servlet engine: [Apache Tomcat/10.1.40]
2025-05-06 11:52:23.631|INFO |d109c175bf944b25a8d5115eb7c662ba|o.a.c.core.ContainerBase.[Tomcat].[localhost].[/] :168 - Initializing Spring embedded WebApplicationContext
2025-05-06 11:52:25.098|INFO |d109c175bf944b25a8d5115eb7c662ba|com.zaxxer.hikari.HikariDataSource                :109 - HikariPool-1 - Starting...
2025-05-06 11:52:25.489|INFO |d109c175bf944b25a8d5115eb7c662ba|com.zaxxer.hikari.pool.HikariPool                 :554 - HikariPool-1 - Added connection org.postgresql.jdbc.PgConnection@6068ebb2
2025-05-06 11:52:25.495|INFO |d109c175bf944b25a8d5115eb7c662ba|com.zaxxer.hikari.HikariDataSource                :122 - HikariPool-1 - Start completed.
2025-05-06 11:52:31.589|INFO |d109c175bf944b25a8d5115eb7c662ba|org.apache.coyote.http11.Http11NioProtocol        :168 - Starting ProtocolHandler ["http-nio-9998"]
2025-05-06 11:52:31.636|INFO |d109c175bf944b25a8d5115eb7c662ba|c.a.l.LogbackspringbootfileApplication            :59 - Started LogbackspringbootfileApplication in 12.752 seconds (process running for 15.242)
2025-05-06 11:54:56.674|INFO |cf3102d043e14be2a8a7897ecc806981|o.a.c.core.ContainerBase.[Tomcat].[localhost].[/] :168 - Initializing Spring DispatcherServlet 'dispatcherServlet'
2025-05-06 12:00:11.372|INFO |95c50029d84f46cc90f60ec74f97de8d|com.zaxxer.hikari.HikariDataSource                :349 - HikariPool-1 - Shutdown initiated...
2025-05-06 12:00:11.397|INFO |95c50029d84f46cc90f60ec74f97de8d|com.zaxxer.hikari.HikariDataSource                :351 - HikariPool-1 - Shutdown completed.
2025-05-06 15:41:34.627|INFO |d7a6effa71194717aeaf748f56bf94da|c.a.l.LogbackspringbootfileApplication            :53 - Starting LogbackspringbootfileApplication using Java 17.0.12 with PID 9972 (C:\Users\kang\Desktop\All-Spring-Self-Leaning\logbackspringbootfile\build\classes\java\main started by kang in C:\Users\kang\Desktop\All-Spring-Self-Leaning\logbackspringbootfile)
2025-05-06 15:41:34.710|INFO |d7a6effa71194717aeaf748f56bf94da|c.a.l.LogbackspringbootfileApplication            :658 - The following 1 profile is active: "dev"
2025-05-06 15:42:00.181|INFO |d7a6effa71194717aeaf748f56bf94da|org.apache.coyote.http11.Http11NioProtocol        :168 - Initializing ProtocolHandler ["http-nio-9998"]
2025-05-06 15:42:00.193|INFO |d7a6effa71194717aeaf748f56bf94da|org.apache.catalina.core.StandardService          :168 - Starting service [Tomcat]
2025-05-06 15:42:00.333|INFO |d7a6effa71194717aeaf748f56bf94da|org.apache.catalina.core.StandardEngine           :168 - Starting Servlet engine: [Apache Tomcat/10.1.40]
2025-05-06 15:42:01.583|INFO |d7a6effa71194717aeaf748f56bf94da|o.a.c.core.ContainerBase.[Tomcat].[localhost].[/] :168 - Initializing Spring embedded WebApplicationContext
2025-05-06 15:42:13.903|INFO |d7a6effa71194717aeaf748f56bf94da|com.zaxxer.hikari.HikariDataSource                :109 - HikariPool-1 - Starting...
2025-05-06 15:42:17.429|INFO |d7a6effa71194717aeaf748f56bf94da|com.zaxxer.hikari.pool.HikariPool                 :554 - HikariPool-1 - Added connection org.postgresql.jdbc.PgConnection@2a667f44
2025-05-06 15:42:17.452|INFO |d7a6effa71194717aeaf748f56bf94da|com.zaxxer.hikari.HikariDataSource                :122 - HikariPool-1 - Start completed.
2025-05-06 15:42:52.946|INFO |d7a6effa71194717aeaf748f56bf94da|org.apache.coyote.http11.Http11NioProtocol        :168 - Starting ProtocolHandler ["http-nio-9998"]
2025-05-06 15:42:53.139|INFO |d7a6effa71194717aeaf748f56bf94da|c.a.l.LogbackspringbootfileApplication            :59 - Started LogbackspringbootfileApplication in 91.417 seconds (process running for 104.84)
2025-05-06 15:42:53.935|INFO |99caba453eec4aa4856d30bfe91399a1|o.a.c.core.ContainerBase.[Tomcat].[localhost].[/] :168 - Initializing Spring DispatcherServlet 'dispatcherServlet'
2025-05-06 15:54:06.674|INFO |a569e9c7355249a7917195de3a7f6bc6|com.zaxxer.hikari.HikariDataSource                :349 - HikariPool-1 - Shutdown initiated...
2025-05-06 15:54:06.721|INFO |a569e9c7355249a7917195de3a7f6bc6|com.zaxxer.hikari.HikariDataSource                :351 - HikariPool-1 - Shutdown completed.
2025-05-06 15:55:01.247|INFO |0d57d17236384066a2564f4d58c10d4e|c.a.l.LogbackspringbootfileApplication            :53 - Starting LogbackspringbootfileApplication using Java 17.0.12 with PID 4868 (C:\Users\kang\Desktop\All-Spring-Self-Leaning\logbackspringbootfile\build\classes\java\main started by kang in C:\Users\kang\Desktop\All-Spring-Self-Leaning\logbackspringbootfile)
2025-05-06 15:55:01.265|INFO |0d57d17236384066a2564f4d58c10d4e|c.a.l.LogbackspringbootfileApplication            :658 - The following 1 profile is active: "dev"
2025-05-06 15:55:07.517|INFO |0d57d17236384066a2564f4d58c10d4e|org.apache.coyote.http11.Http11NioProtocol        :168 - Initializing ProtocolHandler ["http-nio-9998"]
2025-05-06 15:55:07.526|INFO |0d57d17236384066a2564f4d58c10d4e|org.apache.catalina.core.StandardService          :168 - Starting service [Tomcat]
2025-05-06 15:55:07.529|INFO |0d57d17236384066a2564f4d58c10d4e|org.apache.catalina.core.StandardEngine           :168 - Starting Servlet engine: [Apache Tomcat/10.1.40]
2025-05-06 15:55:07.902|INFO |0d57d17236384066a2564f4d58c10d4e|o.a.c.core.ContainerBase.[Tomcat].[localhost].[/] :168 - Initializing Spring embedded WebApplicationContext
2025-05-06 15:55:11.268|INFO |0d57d17236384066a2564f4d58c10d4e|com.zaxxer.hikari.HikariDataSource                :109 - HikariPool-1 - Starting...
2025-05-06 15:55:12.565|INFO |0d57d17236384066a2564f4d58c10d4e|com.zaxxer.hikari.pool.HikariPool                 :554 - HikariPool-1 - Added connection org.postgresql.jdbc.PgConnection@48b2dbc4
2025-05-06 15:55:12.582|INFO |0d57d17236384066a2564f4d58c10d4e|com.zaxxer.hikari.HikariDataSource                :122 - HikariPool-1 - Start completed.
2025-05-06 15:55:35.231|INFO |0d57d17236384066a2564f4d58c10d4e|org.apache.coyote.http11.Http11NioProtocol        :168 - Starting ProtocolHandler ["http-nio-9998"]
2025-05-06 15:55:35.373|INFO |0d57d17236384066a2564f4d58c10d4e|c.a.l.LogbackspringbootfileApplication            :59 - Started LogbackspringbootfileApplication in 37.809 seconds (process running for 57.101)
2025-05-06 15:55:52.365|INFO |3971ba92898042b5aa1ddd0dc7d8e6c5|o.a.c.core.ContainerBase.[Tomcat].[localhost].[/] :168 - Initializing Spring DispatcherServlet 'dispatcherServlet'
2025-05-06 15:58:33.216|INFO |90d76ea5476f49a68d1657bf79863f6b|com.zaxxer.hikari.HikariDataSource                :349 - HikariPool-1 - Shutdown initiated...
2025-05-06 15:58:33.265|INFO |90d76ea5476f49a68d1657bf79863f6b|com.zaxxer.hikari.HikariDataSource                :351 - HikariPool-1 - Shutdown completed.
2025-05-06 15:59:34.269|INFO |360c9c85dcca479380bb36fed12ee909|c.a.l.LogbackspringbootfileApplication            :53 - Starting LogbackspringbootfileApplication using Java 17.0.12 with PID 12360 (C:\Users\kang\Desktop\All-Spring-Self-Leaning\logbackspringbootfile\build\classes\java\main started by kang in C:\Users\kang\Desktop\All-Spring-Self-Leaning\logbackspringbootfile)
2025-05-06 15:59:34.292|INFO |360c9c85dcca479380bb36fed12ee909|c.a.l.LogbackspringbootfileApplication            :658 - The following 1 profile is active: "dev"
2025-05-06 15:59:40.743|INFO |360c9c85dcca479380bb36fed12ee909|org.apache.coyote.http11.Http11NioProtocol        :168 - Initializing ProtocolHandler ["http-nio-9998"]
2025-05-06 15:59:40.754|INFO |360c9c85dcca479380bb36fed12ee909|org.apache.catalina.core.StandardService          :168 - Starting service [Tomcat]
2025-05-06 15:59:40.756|INFO |360c9c85dcca479380bb36fed12ee909|org.apache.catalina.core.StandardEngine           :168 - Starting Servlet engine: [Apache Tomcat/10.1.40]
2025-05-06 15:59:41.107|INFO |360c9c85dcca479380bb36fed12ee909|o.a.c.core.ContainerBase.[Tomcat].[localhost].[/] :168 - Initializing Spring embedded WebApplicationContext
2025-05-06 15:59:44.586|INFO |360c9c85dcca479380bb36fed12ee909|com.zaxxer.hikari.HikariDataSource                :109 - HikariPool-1 - Starting...
2025-05-06 15:59:45.546|INFO |360c9c85dcca479380bb36fed12ee909|com.zaxxer.hikari.pool.HikariPool                 :554 - HikariPool-1 - Added connection org.postgresql.jdbc.PgConnection@74c7522c
2025-05-06 15:59:45.577|INFO |360c9c85dcca479380bb36fed12ee909|com.zaxxer.hikari.HikariDataSource                :122 - HikariPool-1 - Start completed.
2025-05-06 15:59:59.632|INFO |360c9c85dcca479380bb36fed12ee909|org.apache.coyote.http11.Http11NioProtocol        :168 - Starting ProtocolHandler ["http-nio-9998"]
2025-05-06 15:59:59.808|INFO |360c9c85dcca479380bb36fed12ee909|c.a.l.LogbackspringbootfileApplication            :59 - Started LogbackspringbootfileApplication in 29.101 seconds (process running for 34.787)
2025-05-06 16:00:20.487|INFO |90e8fd36a2a84b17829e9eda820b47d5|o.a.c.core.ContainerBase.[Tomcat].[localhost].[/] :168 - Initializing Spring DispatcherServlet 'dispatcherServlet'
